[debug] [2022-08-12T12:32:12.647Z] ----------------------------------------------------------------------
[debug] [2022-08-12T12:32:12.650Z] Command:       C:\Program Files\nodejs\node.exe C:\Users\web_d\AppData\Roaming\npm\node_modules\firebase-tools\lib\bin\firebase.js init
[debug] [2022-08-12T12:32:12.651Z] CLI Version:   11.3.0
[debug] [2022-08-12T12:32:12.651Z] Platform:      win32
[debug] [2022-08-12T12:32:12.651Z] Node Version:  v17.7.0
[debug] [2022-08-12T12:32:12.661Z] Time:          Fri Aug 12 2022 13:32:12 GMT+0100 (British Summer Time)
[debug] [2022-08-12T12:32:12.662Z] ----------------------------------------------------------------------
[debug] 
[debug] [2022-08-12T12:32:12.668Z] >>> [apiv2][query] GET https://firebase-public.firebaseio.com/cli.json [none]
[debug] [2022-08-12T12:32:12.802Z] > command requires scopes: ["email","openid","https://www.googleapis.com/auth/cloudplatformprojects.readonly","https://www.googleapis.com/auth/firebase","https://www.googleapis.com/auth/cloud-platform"]
[debug] [2022-08-12T12:32:12.803Z] > authorizing via signed-in user (rich.web.development.2018@gmail.com)
[info] 
     ######## #### ########  ######## ########     ###     ######  ########
     ##        ##  ##     ## ##       ##     ##  ##   ##  ##       ##
     ######    ##  ########  ######   ########  #########  ######  ######
     ##        ##  ##    ##  ##       ##     ## ##     ##       ## ##
     ##       #### ##     ## ######## ########  ##     ##  ######  ########

You're about to initialize a Firebase project in this directory:

  C:\Users\web_d\WebDev\book-app-2022

[debug] [2022-08-12T12:32:13.289Z] <<< [apiv2][status] GET https://firebase-public.firebaseio.com/cli.json 200
[debug] [2022-08-12T12:32:13.290Z] <<< [apiv2][body] GET https://firebase-public.firebaseio.com/cli.json {"cloudBuildErrorAfter":1594252800000,"cloudBuildWarnAfter":1590019200000,"defaultNode10After":1594252800000,"minVersion":"3.0.5","node8DeploysDisabledAfter":1613390400000,"node8RuntimeDisabledAfter":1615809600000,"node8WarnAfter":1600128000000}
[info] 
=== Project Setup
[info] 
[info] First, let's associate this project directory with a Firebase project.
[info] You can create multiple project aliases by running firebase use --add, 
[info] but for now we'll just set up a default project.
[info] 
